{"uuid":"257a1ade-b427-4b11-b591-6aaefaa8319b","historyId":"4e3e9a05fd8b431b1954dc8d9c003d9","fullName":"src/test/resources/features/ContactUs.feature:17","labels":[{"name":"tag","value":"ContactUs"},{"name":"host","value":"MacBookAir.lan"},{"name":"thread","value":"10575@MacBookAir.lan.main(1)"},{"name":"feature","value":"Verify Contact Us Functionality"},{"name":"story","value":"User submits Contact Us form with valid credentials"},{"name":"suite","value":"Verify Contact Us Functionality"},{"name":"testClass","value":"User submits Contact Us form with valid credentials"},{"name":"framework","value":"cucumber4jvm"},{"name":"language","value":"java"},{"name":"gherkin_uri","value":"file:///Users/agmac26/Downloads/Eclipse_Workspace_BACKUP/AutomationExercise/src/test/resources/features/ContactUs.feature"},{"name":"package","value":"src.test.resources.features.ContactUs_feature.Verify Contact Us Functionality"}],"links":[],"name":"User submits Contact Us form with valid credentials","status":"broken","statusDetails":{"known":false,"muted":false,"flaky":false,"message":"invalid argument: File not found : /Users/agmac26/Downloads/Documents/Resume/Resume.pdf\n  (Session info: chrome=138.0.7204.169)\nBuild info: version: '4.21.0', revision: '79ed462ef4'\nSystem info: os.name: 'Mac OS X', os.arch: 'x86_64', os.version: '15.5', java.version: '21.0.7'\nDriver info: org.openqa.selenium.chrome.ChromeDriver\nCommand: [3dfbf6aa9f3a316634e4194d6cd55262, sendKeysToElement {value=[Ljava.lang.CharSequence;@379ce046, id=f.38224E77232EE21A14A60F6EF3651545.d.3B8152EFD90EAB53BC7FF6EC0DBF61F9.e.36}]\nCapabilities {acceptInsecureCerts: false, browserName: chrome, browserVersion: 138.0.7204.169, chrome: {chromedriverVersion: 138.0.7204.183 (e90faf484dd..., userDataDir: /var/folders/69/_k1_m76x3fs...}, fedcm:accounts: true, goog:chromeOptions: {debuggerAddress: localhost:55935}, networkConnectionEnabled: false, pageLoadStrategy: normal, platformName: mac, proxy: Proxy(), se:cdp: ws://localhost:55935/devtoo..., se:cdpVersion: 138.0.7204.169, setWindowRect: true, strictFileInteractability: false, timeouts: {implicit: 0, pageLoad: 300000, script: 30000}, unhandledPromptBehavior: dismiss and notify, webauthn:extension:credBlob: true, webauthn:extension:largeBlob: true, webauthn:extension:minPinLength: true, webauthn:extension:prf: true, webauthn:virtualAuthenticators: true}\nElement: [[ChromeDriver: chrome on mac (3dfbf6aa9f3a316634e4194d6cd55262)] -> name: upload_file]\nSession ID: 3dfbf6aa9f3a316634e4194d6cd55262","trace":"org.openqa.selenium.InvalidArgumentException: invalid argument: File not found : /Users/agmac26/Downloads/Documents/Resume/Resume.pdf\n  (Session info: chrome=138.0.7204.169)\nBuild info: version: '4.21.0', revision: '79ed462ef4'\nSystem info: os.name: 'Mac OS X', os.arch: 'x86_64', os.version: '15.5', java.version: '21.0.7'\nDriver info: org.openqa.selenium.chrome.ChromeDriver\nCommand: [3dfbf6aa9f3a316634e4194d6cd55262, sendKeysToElement {value=[Ljava.lang.CharSequence;@379ce046, id=f.38224E77232EE21A14A60F6EF3651545.d.3B8152EFD90EAB53BC7FF6EC0DBF61F9.e.36}]\nCapabilities {acceptInsecureCerts: false, browserName: chrome, browserVersion: 138.0.7204.169, chrome: {chromedriverVersion: 138.0.7204.183 (e90faf484dd..., userDataDir: /var/folders/69/_k1_m76x3fs...}, fedcm:accounts: true, goog:chromeOptions: {debuggerAddress: localhost:55935}, networkConnectionEnabled: false, pageLoadStrategy: normal, platformName: mac, proxy: Proxy(), se:cdp: ws://localhost:55935/devtoo..., se:cdpVersion: 138.0.7204.169, setWindowRect: true, strictFileInteractability: false, timeouts: {implicit: 0, pageLoad: 300000, script: 30000}, unhandledPromptBehavior: dismiss and notify, webauthn:extension:credBlob: true, webauthn:extension:largeBlob: true, webauthn:extension:minPinLength: true, webauthn:extension:prf: true, webauthn:virtualAuthenticators: true}\nElement: [[ChromeDriver: chrome on mac (3dfbf6aa9f3a316634e4194d6cd55262)] -> name: upload_file]\nSession ID: 3dfbf6aa9f3a316634e4194d6cd55262\n\tat java.base/jdk.internal.reflect.DirectConstructorHandleAccessor.newInstance(DirectConstructorHandleAccessor.java:62)\n\tat java.base/java.lang.reflect.Constructor.newInstanceWithCaller(Constructor.java:502)\n\tat java.base/java.lang.reflect.Constructor.newInstance(Constructor.java:486)\n\tat org.openqa.selenium.remote.ErrorCodec.decode(ErrorCodec.java:167)\n\tat org.openqa.selenium.remote.codec.w3c.W3CHttpResponseCodec.decode(W3CHttpResponseCodec.java:138)\n\tat org.openqa.selenium.remote.codec.w3c.W3CHttpResponseCodec.decode(W3CHttpResponseCodec.java:50)\n\tat org.openqa.selenium.remote.HttpCommandExecutor.execute(HttpCommandExecutor.java:190)\n\tat org.openqa.selenium.remote.service.DriverCommandExecutor.invokeExecute(DriverCommandExecutor.java:216)\n\tat org.openqa.selenium.remote.service.DriverCommandExecutor.execute(DriverCommandExecutor.java:174)\n\tat org.openqa.selenium.remote.RemoteWebDriver.execute(RemoteWebDriver.java:518)\n\tat org.openqa.selenium.remote.RemoteWebElement.execute(RemoteWebElement.java:223)\n\tat org.openqa.selenium.remote.RemoteWebElement.sendKeys(RemoteWebElement.java:110)\n\tat java.base/jdk.internal.reflect.DirectMethodHandleAccessor.invoke(DirectMethodHandleAccessor.java:103)\n\tat java.base/java.lang.reflect.Method.invoke(Method.java:580)\n\tat org.openqa.selenium.support.pagefactory.internal.LocatingElementHandler.invoke(LocatingElementHandler.java:51)\n\tat jdk.proxy2/jdk.proxy2.$Proxy19.sendKeys(Unknown Source)\n\tat pages.ContactUsPage.chooseFile(ContactUsPage.java:64)\n\tat StepDefinition.ContactUsSteps.user_chooses_the_file_as(ContactUsSteps.java:57)\n\tat ✽.User chooses the File as \"/Users/agmac26/Downloads/Documents/Resume/Resume.pdf\"(file:///Users/agmac26/Downloads/Eclipse_Workspace_BACKUP/AutomationExercise/src/test/resources/features/ContactUs.feature:11)\n"},"stage":"finished","steps":[{"name":"Given  User navigates to the Home Page","status":"passed","statusDetails":{"known":false,"muted":false,"flaky":false},"stage":"finished","steps":[],"attachments":[],"parameters":[],"start":1753873464548,"stop":1753873477276},{"name":"And  User clicks the Contact Us button","status":"passed","statusDetails":{"known":false,"muted":false,"flaky":false},"stage":"finished","steps":[],"attachments":[],"parameters":[],"start":1753873477277,"stop":1753873484845},{"name":"And  User enters the Name as \"AjayShankar\"","status":"passed","statusDetails":{"known":false,"muted":false,"flaky":false},"stage":"finished","steps":[],"attachments":[],"parameters":[],"start":1753873484845,"stop":1753873487722},{"name":"And  User enters the Email as \"Google@mailinator.com\"","status":"passed","statusDetails":{"known":false,"muted":false,"flaky":false},"stage":"finished","steps":[],"attachments":[],"parameters":[],"start":1753873487723,"stop":1753873488284},{"name":"And  User enters the Subject as \"Inquiry Regarding Your Services / Need Assistance\"","status":"passed","statusDetails":{"known":false,"muted":false,"flaky":false},"stage":"finished","steps":[],"attachments":[],"parameters":[],"start":1753873488285,"stop":1753873489150},{"name":"And  User enters the Body as \"Hello Team,\n\nI recently visited your website and would like to know more about your services. Specifically, I’m interested in task management features, pricing plans, or support.\n\nPlease let me know how I can proceed or whom I should contact for further discussion.\n\nThank you!\"","status":"passed","statusDetails":{"known":false,"muted":false,"flaky":false},"stage":"finished","steps":[],"attachments":[],"parameters":[],"start":1753873489157,"stop":1753873490180},{"name":"And  User chooses the File as \"/Users/agmac26/Downloads/Documents/Resume/Resume.pdf\"","status":"broken","statusDetails":{"known":false,"muted":false,"flaky":false,"message":"invalid argument: File not found : /Users/agmac26/Downloads/Documents/Resume/Resume.pdf\n  (Session info: chrome=138.0.7204.169)\nBuild info: version: '4.21.0', revision: '79ed462ef4'\nSystem info: os.name: 'Mac OS X', os.arch: 'x86_64', os.version: '15.5', java.version: '21.0.7'\nDriver info: org.openqa.selenium.chrome.ChromeDriver\nCommand: [3dfbf6aa9f3a316634e4194d6cd55262, sendKeysToElement {value=[Ljava.lang.CharSequence;@379ce046, id=f.38224E77232EE21A14A60F6EF3651545.d.3B8152EFD90EAB53BC7FF6EC0DBF61F9.e.36}]\nCapabilities {acceptInsecureCerts: false, browserName: chrome, browserVersion: 138.0.7204.169, chrome: {chromedriverVersion: 138.0.7204.183 (e90faf484dd..., userDataDir: /var/folders/69/_k1_m76x3fs...}, fedcm:accounts: true, goog:chromeOptions: {debuggerAddress: localhost:55935}, networkConnectionEnabled: false, pageLoadStrategy: normal, platformName: mac, proxy: Proxy(), se:cdp: ws://localhost:55935/devtoo..., se:cdpVersion: 138.0.7204.169, setWindowRect: true, strictFileInteractability: false, timeouts: {implicit: 0, pageLoad: 300000, script: 30000}, unhandledPromptBehavior: dismiss and notify, webauthn:extension:credBlob: true, webauthn:extension:largeBlob: true, webauthn:extension:minPinLength: true, webauthn:extension:prf: true, webauthn:virtualAuthenticators: true}\nElement: [[ChromeDriver: chrome on mac (3dfbf6aa9f3a316634e4194d6cd55262)] -> name: upload_file]\nSession ID: 3dfbf6aa9f3a316634e4194d6cd55262","trace":"org.openqa.selenium.InvalidArgumentException: invalid argument: File not found : /Users/agmac26/Downloads/Documents/Resume/Resume.pdf\n  (Session info: chrome=138.0.7204.169)\nBuild info: version: '4.21.0', revision: '79ed462ef4'\nSystem info: os.name: 'Mac OS X', os.arch: 'x86_64', os.version: '15.5', java.version: '21.0.7'\nDriver info: org.openqa.selenium.chrome.ChromeDriver\nCommand: [3dfbf6aa9f3a316634e4194d6cd55262, sendKeysToElement {value=[Ljava.lang.CharSequence;@379ce046, id=f.38224E77232EE21A14A60F6EF3651545.d.3B8152EFD90EAB53BC7FF6EC0DBF61F9.e.36}]\nCapabilities {acceptInsecureCerts: false, browserName: chrome, browserVersion: 138.0.7204.169, chrome: {chromedriverVersion: 138.0.7204.183 (e90faf484dd..., userDataDir: /var/folders/69/_k1_m76x3fs...}, fedcm:accounts: true, goog:chromeOptions: {debuggerAddress: localhost:55935}, networkConnectionEnabled: false, pageLoadStrategy: normal, platformName: mac, proxy: Proxy(), se:cdp: ws://localhost:55935/devtoo..., se:cdpVersion: 138.0.7204.169, setWindowRect: true, strictFileInteractability: false, timeouts: {implicit: 0, pageLoad: 300000, script: 30000}, unhandledPromptBehavior: dismiss and notify, webauthn:extension:credBlob: true, webauthn:extension:largeBlob: true, webauthn:extension:minPinLength: true, webauthn:extension:prf: true, webauthn:virtualAuthenticators: true}\nElement: [[ChromeDriver: chrome on mac (3dfbf6aa9f3a316634e4194d6cd55262)] -> name: upload_file]\nSession ID: 3dfbf6aa9f3a316634e4194d6cd55262\n\tat java.base/jdk.internal.reflect.DirectConstructorHandleAccessor.newInstance(DirectConstructorHandleAccessor.java:62)\n\tat java.base/java.lang.reflect.Constructor.newInstanceWithCaller(Constructor.java:502)\n\tat java.base/java.lang.reflect.Constructor.newInstance(Constructor.java:486)\n\tat org.openqa.selenium.remote.ErrorCodec.decode(ErrorCodec.java:167)\n\tat org.openqa.selenium.remote.codec.w3c.W3CHttpResponseCodec.decode(W3CHttpResponseCodec.java:138)\n\tat org.openqa.selenium.remote.codec.w3c.W3CHttpResponseCodec.decode(W3CHttpResponseCodec.java:50)\n\tat org.openqa.selenium.remote.HttpCommandExecutor.execute(HttpCommandExecutor.java:190)\n\tat org.openqa.selenium.remote.service.DriverCommandExecutor.invokeExecute(DriverCommandExecutor.java:216)\n\tat org.openqa.selenium.remote.service.DriverCommandExecutor.execute(DriverCommandExecutor.java:174)\n\tat org.openqa.selenium.remote.RemoteWebDriver.execute(RemoteWebDriver.java:518)\n\tat org.openqa.selenium.remote.RemoteWebElement.execute(RemoteWebElement.java:223)\n\tat org.openqa.selenium.remote.RemoteWebElement.sendKeys(RemoteWebElement.java:110)\n\tat java.base/jdk.internal.reflect.DirectMethodHandleAccessor.invoke(DirectMethodHandleAccessor.java:103)\n\tat java.base/java.lang.reflect.Method.invoke(Method.java:580)\n\tat org.openqa.selenium.support.pagefactory.internal.LocatingElementHandler.invoke(LocatingElementHandler.java:51)\n\tat jdk.proxy2/jdk.proxy2.$Proxy19.sendKeys(Unknown Source)\n\tat pages.ContactUsPage.chooseFile(ContactUsPage.java:64)\n\tat StepDefinition.ContactUsSteps.user_chooses_the_file_as(ContactUsSteps.java:57)\n\tat ✽.User chooses the File as \"/Users/agmac26/Downloads/Documents/Resume/Resume.pdf\"(file:///Users/agmac26/Downloads/Eclipse_Workspace_BACKUP/AutomationExercise/src/test/resources/features/ContactUs.feature:11)\n"},"stage":"finished","steps":[],"attachments":[],"parameters":[],"start":1753873490181,"stop":1753873490929},{"name":"And  User clicks the Submit button","status":"skipped","statusDetails":{"known":false,"muted":false,"flaky":false},"stage":"finished","steps":[],"attachments":[],"parameters":[],"start":1753873490941,"stop":1753873490945},{"name":"Then  User validates Contact Us submission","status":"skipped","statusDetails":{"known":false,"muted":false,"flaky":false},"stage":"finished","steps":[],"attachments":[],"parameters":[],"start":1753873490946,"stop":1753873490948}],"attachments":[],"parameters":[{"name":"Name","value":"AjayShankar"},{"name":"Email","value":"Google@mailinator.com"},{"name":"Subject","value":"Inquiry Regarding Your Services / Need Assistance"},{"name":"Body","value":"Hello Team,\n\nI recently visited your website and would like to know more about your services. Specifically, I’m interested in task management features, pricing plans, or support.\n\nPlease let me know how I can proceed or whom I should contact for further discussion.\n\nThank you!"},{"name":"FileLocation","value":"/Users/agmac26/Downloads/Documents/Resume/Resume.pdf"}],"start":1753873454154,"stop":1753873491563}